Watching for file changes with StatReloader
[26/May/2026 22:53:41] "POST /api/auth/ HTTP/1.1" 200 34718
[26/May/2026 22:53:41,944] - Broken pipe from ('127.0.0.1', 60774)
[26/May/2026 22:53:57] "POST /api/auth/ HTTP/1.1" 200 34718
[26/May/2026 22:53:57] "OPTIONS /api/admin/dashboard/ HTTP/1.1" 200 0
[26/May/2026 22:53:57] "GET /api/admin/dashboard/ HTTP/1.1" 200 3189
[26/May/2026 22:53:57] "OPTIONS /api/admin/employees/ HTTP/1.1" 200 0
[26/May/2026 22:53:57] "GET /api/admin/employees/ HTTP/1.1" 200 54392
[26/May/2026 22:53:57] "OPTIONS /api/admin/attendance/ HTTP/1.1" 200 0
[26/May/2026 22:53:57] "GET /api/admin/attendance/ HTTP/1.1" 200 4349
[26/May/2026 22:53:57] "OPTIONS /api/dashboard/ HTTP/1.1" 200 0
[26/May/2026 22:53:57] "GET /api/dashboard/ HTTP/1.1" 200 35409
[26/May/2026 22:53:57] "OPTIONS /api/employee/leaves/ HTTP/1.1" 200 0
[26/May/2026 22:53:57] "GET /api/employee/leaves/ HTTP/1.1" 200 102
[26/May/2026 22:53:57] "OPTIONS /api/employee/tasks/ HTTP/1.1" 200 0
[26/May/2026 22:53:57] "GET /api/employee/tasks/ HTTP/1.1" 200 82
[26/May/2026 22:53:57] "OPTIONS /api/employee/helpdesk/ HTTP/1.1" 200 0
[26/May/2026 22:53:57] "GET /api/employee/helpdesk/ HTTP/1.1" 200 76
[26/May/2026 22:53:57] "OPTIONS /api/employee/directory/ HTTP/1.1" 200 0
[26/May/2026 22:53:57] "GET /api/employee/directory/ HTTP/1.1" 200 19637
[26/May/2026 22:53:57] "OPTIONS /api/admin/tasks/?status=assigned&year=2026&month=5 HTTP/1.1" 200 0
[26/May/2026 22:53:57] "GET /api/admin/tasks/?status=assigned&year=2026&month=5 HTTP/1.1" 200 67
[26/May/2026 22:54:05] "OPTIONS /api/admin/reimbursements/?date=2026-05-26 HTTP/1.1" 200 0
[26/May/2026 22:54:05] "OPTIONS /api/admin/salary-records/?month=5&year=2026 HTTP/1.1" 200 0
[26/May/2026 22:54:05] "GET /api/admin/reimbursements/?date=2026-05-26 HTTP/1.1" 200 21
[26/May/2026 22:54:05] "GET /api/admin/salary-records/?month=5&year=2026 HTTP/1.1" 200 21
Method Not Allowed: /api/auth/
[26/May/2026 22:54:20] "GET /api/auth/ HTTP/1.1" 405 40
Not Found: /favicon.ico
[26/May/2026 22:54:21] "GET /favicon.ico HTTP/1.1" 404 2709
[26/May/2026 23:18:23] "GET /static/people/admin_theme.css HTTP/1.1" 200 11092
[26/May/2026 23:18:23,174] - Broken pipe from ('127.0.0.1', 57563)
[26/May/2026 23:18:23] "GET /admin/login/ HTTP/1.1" 200 4071
[26/May/2026 23:18:23,293] - Broken pipe from ('127.0.0.1', 57562)
[26/May/2026 23:18:36] "GET /admin/login/ HTTP/1.1" 200 4071
[26/May/2026 23:18:36,418] - Broken pipe from ('127.0.0.1', 57799)
D:\projects\healOn project\backend\healon_backend\settings.py changed, reloading.
Watching for file changes with StatReloader
[26/May/2026 23:20:36] "GET /admin/login/ HTTP/1.1" 200 4084
[26/May/2026 23:20:36,712] - Broken pipe from ('127.0.0.1', 49156)
[26/May/2026 23:24:26] "GET /admin/ HTTP/1.1" 302 0
[26/May/2026 23:24:26] "GET /admin/login/?next=/admin/ HTTP/1.1" 200 4097
[26/May/2026 23:24:26] "GET /static/admin/css/dark_mode.css HTTP/1.1" 200 3538
[26/May/2026 23:24:26] "GET /static/admin/css/base.css HTTP/1.1" 200 23100
[26/May/2026 23:24:26] "GET /static/people/admin_theme.css HTTP/1.1" 200 11092
[26/May/2026 23:24:27] "GET /static/admin/css/nav_sidebar.css HTTP/1.1" 200 2810
[26/May/2026 23:24:27] "GET /static/admin/css/login.css HTTP/1.1" 200 951
[26/May/2026 23:24:27] "GET /static/admin/css/responsive.css HTTP/1.1" 200 16273
[26/May/2026 23:24:27] "GET /static/admin/js/theme.js HTTP/1.1" 200 1653
[26/May/2026 23:24:27] "GET /static/admin/js/nav_sidebar.js HTTP/1.1" 200 3063
Not Found: /favicon.ico
[26/May/2026 23:24:29] "GET /favicon.ico HTTP/1.1" 404 2709
[26/May/2026 23:24:42] "POST /admin/login/?next=/admin/ HTTP/1.1" 302 0
[26/May/2026 23:24:43] "GET /admin/ HTTP/1.1" 200 21242
[26/May/2026 23:24:43] "GET /static/admin/css/dashboard.css HTTP/1.1" 200 441
[26/May/2026 23:24:43] "GET /static/admin/img/icon-addlink.svg HTTP/1.1" 200 593
[26/May/2026 23:24:43] "GET /static/admin/img/icon-deletelink.svg HTTP/1.1" 200 689
[26/May/2026 23:24:43] "GET /static/admin/img/icon-changelink.svg HTTP/1.1" 200 978
[26/May/2026 23:24:55] "GET /admin/authtoken/tokenproxy/ HTTP/1.1" 200 17701
[26/May/2026 23:24:55] "GET /static/admin/css/changelists.css HTTP/1.1" 200 7498
[26/May/2026 23:24:55] "GET /static/admin/js/jquery.init.js HTTP/1.1" 200 347
[26/May/2026 23:24:55] "GET /static/admin/js/actions.js HTTP/1.1" 200 8076
[26/May/2026 23:24:55] "GET /static/admin/js/core.js HTTP/1.1" 200 6208
[26/May/2026 23:24:55] "GET /static/admin/js/urlify.js HTTP/1.1" 200 7887
[26/May/2026 23:24:56] "GET /static/admin/img/search.svg HTTP/1.1" 200 607
[26/May/2026 23:24:56] "GET /static/admin/js/prepopulate.js HTTP/1.1" 200 1531
[26/May/2026 23:24:56] "GET /static/admin/js/admin/RelatedObjectLookups.js HTTP/1.1" 200 9777
[26/May/2026 23:24:56] "GET /static/admin/js/vendor/jquery/jquery.js HTTP/1.1" 200 285314
[26/May/2026 23:24:56] "GET /static/admin/js/filters.js HTTP/1.1" 200 978
[26/May/2026 23:24:56] "GET /static/admin/js/vendor/xregexp/xregexp.js HTTP/1.1" 200 325171
[26/May/2026 23:24:56] "GET /static/admin/img/icon-viewlink.svg HTTP/1.1" 200 928
[26/May/2026 23:24:56] "GET /static/admin/img/tooltag-add.svg HTTP/1.1" 200 593
[26/May/2026 23:25:05] "GET /admin/authtoken/ HTTP/1.1" 200 12148
[26/May/2026 23:25:09] "GET /admin/auth/user/15/change/ HTTP/1.1" 200 42030
[26/May/2026 23:25:09] "GET /static/people/admin_photo_capture.js HTTP/1.1" 200 6551
[26/May/2026 23:25:09] "GET /static/admin/css/forms.css HTTP/1.1" 200 8831
[26/May/2026 23:25:09] "GET /static/admin/js/prepopulate_init.js HTTP/1.1" 200 586
[26/May/2026 23:25:09] "GET /static/admin/css/widgets.css HTTP/1.1" 200 11811
[26/May/2026 23:25:09] "GET /admin/jsi18n/ HTTP/1.1" 200 3342
[26/May/2026 23:25:09] "GET /static/admin/js/change_form.js HTTP/1.1" 200 606
[26/May/2026 23:25:14] "GET /admin/ HTTP/1.1" 200 21242
[26/May/2026 23:25:19] "GET /admin/people/assignedlocation/add/ HTTP/1.1" 200 23333
[26/May/2026 23:25:19] "GET /static/people/admin_theme.css HTTP/1.1" 304 0
[26/May/2026 23:25:19] "GET /admin/jsi18n/ HTTP/1.1" 200 3342
[26/May/2026 23:25:19] "GET /static/admin/js/calendar.js HTTP/1.1" 200 9159
[26/May/2026 23:25:19] "GET /static/admin/js/admin/DateTimeShortcuts.js HTTP/1.1" 200 19698
[26/May/2026 23:25:19] "GET /static/admin/img/icon-calendar.svg HTTP/1.1" 200 1112
[26/May/2026 23:25:21] "GET /admin/people/attendanceregularization/add/ HTTP/1.1" 200 20650
[26/May/2026 23:25:21] "GET /admin/jsi18n/ HTTP/1.1" 200 3342
[26/May/2026 23:25:21] "GET /static/admin/img/icon-clock.svg HTTP/1.1" 200 805
[26/May/2026 23:25:24] "GET /admin/ HTTP/1.1" 200 21242
[26/May/2026 23:25:28] "GET /admin/ HTTP/1.1" 200 21242
D:\projects\healOn project\backend\healon_backend\settings.py changed, reloading.
Watching for file changes with StatReloader
[26/May/2026 23:37:49] "GET /admin/ HTTP/1.1" 200 18391
[26/May/2026 23:37:52] "POST /admin/logout/ HTTP/1.1" 200 3479
[26/May/2026 23:37:55] "GET /admin/ HTTP/1.1" 302 0
[26/May/2026 23:37:55] "GET /admin/login/?next=/admin/ HTTP/1.1" 200 4084
[26/May/2026 23:38:11] "POST /admin/login/?next=/admin/ HTTP/1.1" 302 0
[26/May/2026 23:38:11] "GET /admin/ HTTP/1.1" 200 18391
[27/May/2026 00:02:18] "POST /api/auth/ HTTP/1.1" 200 34718
[27/May/2026 00:02:18] "OPTIONS /api/admin/dashboard/ HTTP/1.1" 200 0
[27/May/2026 00:02:18] "GET /api/admin/dashboard/ HTTP/1.1" 200 3189
[27/May/2026 00:02:19] "OPTIONS /api/admin/employees/ HTTP/1.1" 200 0
[27/May/2026 00:02:19] "GET /api/admin/employees/ HTTP/1.1" 200 54392
[27/May/2026 00:02:19] "OPTIONS /api/admin/attendance/ HTTP/1.1" 200 0
[27/May/2026 00:02:19] "GET /api/admin/attendance/ HTTP/1.1" 200 4349
[27/May/2026 00:02:19] "OPTIONS /api/dashboard/ HTTP/1.1" 200 0
[27/May/2026 00:02:19] "GET /api/dashboard/ HTTP/1.1" 200 35337
[27/May/2026 00:02:19] "OPTIONS /api/employee/leaves/ HTTP/1.1" 200 0
[27/May/2026 00:02:19] "GET /api/employee/leaves/ HTTP/1.1" 200 102
[27/May/2026 00:02:19] "OPTIONS /api/employee/tasks/ HTTP/1.1" 200 0
[27/May/2026 00:02:19] "GET /api/employee/tasks/ HTTP/1.1" 200 82
[27/May/2026 00:02:19] "OPTIONS /api/employee/helpdesk/ HTTP/1.1" 200 0
[27/May/2026 00:02:19] "GET /api/employee/helpdesk/ HTTP/1.1" 200 76
[27/May/2026 00:02:19] "OPTIONS /api/employee/directory/ HTTP/1.1" 200 0
[27/May/2026 00:02:19] "GET /api/employee/directory/ HTTP/1.1" 200 19637
[27/May/2026 00:02:19] "OPTIONS /api/admin/tasks/?status=assigned&year=2026&month=5 HTTP/1.1" 200 0
[27/May/2026 00:02:19] "GET /api/admin/tasks/?status=assigned&year=2026&month=5 HTTP/1.1" 200 67
[27/May/2026 00:02:30] "GET /api/admin/dashboard/ HTTP/1.1" 200 3189
[27/May/2026 00:02:30] "GET /api/admin/employees/ HTTP/1.1" 200 54392
[27/May/2026 00:02:30] "GET /api/admin/attendance/ HTTP/1.1" 200 4349
[27/May/2026 00:02:30] "GET /api/dashboard/ HTTP/1.1" 200 35337
[27/May/2026 00:02:31] "GET /api/employee/leaves/ HTTP/1.1" 200 102
[27/May/2026 00:02:31] "GET /api/employee/tasks/ HTTP/1.1" 200 82
[27/May/2026 00:02:31] "GET /api/employee/helpdesk/ HTTP/1.1" 200 76
[27/May/2026 00:02:31] "GET /api/employee/directory/ HTTP/1.1" 200 19637
[27/May/2026 00:02:31] "GET /api/admin/tasks/?status=assigned&year=2026&month=5 HTTP/1.1" 200 67
[27/May/2026 00:02:34] "OPTIONS /api/attendance-report/?month=2026-05 HTTP/1.1" 200 0
[27/May/2026 00:02:34] "GET /api/attendance-report/?month=2026-05 HTTP/1.1" 200 90
[27/May/2026 00:02:34] "GET /api/admin/dashboard/ HTTP/1.1" 200 3189
[27/May/2026 00:02:34] "GET /api/admin/employees/ HTTP/1.1" 200 54392
[27/May/2026 00:02:35] "GET /api/admin/attendance/ HTTP/1.1" 200 4349
[27/May/2026 00:02:35] "GET /api/dashboard/ HTTP/1.1" 200 35337
[27/May/2026 00:02:35] "GET /api/employee/leaves/ HTTP/1.1" 200 102
[27/May/2026 00:02:35] "GET /api/employee/tasks/ HTTP/1.1" 200 82
[27/May/2026 00:02:35] "GET /api/employee/helpdesk/ HTTP/1.1" 200 76
[27/May/2026 00:02:35] "GET /api/employee/directory/ HTTP/1.1" 200 19637
[27/May/2026 00:02:35] "GET /api/admin/tasks/?status=assigned&year=2026&month=5 HTTP/1.1" 200 67
[27/May/2026 00:02:36] "OPTIONS /api/admin/attendance/?year=2026&month=5 HTTP/1.1" 200 0
[27/May/2026 00:02:37] "GET /api/admin/attendance/?year=2026&month=5 HTTP/1.1" 200 242827
[27/May/2026 00:02:38] "GET /api/admin/dashboard/ HTTP/1.1" 200 3189
[27/May/2026 00:02:38] "GET /api/admin/employees/ HTTP/1.1" 200 54392
[27/May/2026 00:02:38] "GET /api/admin/attendance/ HTTP/1.1" 200 4349
[27/May/2026 00:02:38] "GET /api/dashboard/ HTTP/1.1" 200 35337
[27/May/2026 00:02:38] "GET /api/employee/leaves/ HTTP/1.1" 200 102
[27/May/2026 00:02:38] "GET /api/employee/tasks/ HTTP/1.1" 200 82
[27/May/2026 00:02:38] "GET /api/employee/helpdesk/ HTTP/1.1" 200 76
[27/May/2026 00:02:38] "GET /api/employee/directory/ HTTP/1.1" 200 19637
[27/May/2026 00:02:38] "GET /api/admin/tasks/?status=assigned&year=2026&month=5 HTTP/1.1" 200 67
[27/May/2026 00:02:42] "OPTIONS /api/admin/salary-records/?month=5&year=2026 HTTP/1.1" 200 0
[27/May/2026 00:02:42] "OPTIONS /api/admin/reimbursements/?date=2026-05-27 HTTP/1.1" 200 0
[27/May/2026 00:02:42] "GET /api/admin/salary-records/?month=5&year=2026 HTTP/1.1" 200 21
[27/May/2026 00:02:42] "GET /api/admin/reimbursements/?date=2026-05-27 HTTP/1.1" 200 21
[27/May/2026 00:02:43] "GET /api/admin/salary-records/?month=5&year=2026 HTTP/1.1" 200 21
[27/May/2026 00:02:51] "GET /api/admin/dashboard/ HTTP/1.1" 200 3189
[27/May/2026 00:02:51] "GET /api/admin/employees/ HTTP/1.1" 200 54392
[27/May/2026 00:02:51] "GET /api/admin/attendance/ HTTP/1.1" 200 4349
[27/May/2026 00:02:51] "GET /api/dashboard/ HTTP/1.1" 200 35337
[27/May/2026 00:02:51] "GET /api/employee/leaves/ HTTP/1.1" 200 102
[27/May/2026 00:02:51] "GET /api/employee/tasks/ HTTP/1.1" 200 82
[27/May/2026 00:02:51] "GET /api/employee/helpdesk/ HTTP/1.1" 200 76
[27/May/2026 00:02:51] "GET /api/employee/directory/ HTTP/1.1" 200 19637
[27/May/2026 00:02:51] "GET /api/admin/tasks/?status=assigned&year=2026&month=5 HTTP/1.1" 200 67
[27/May/2026 00:03:07] "GET /api/admin/reimbursements/?date=2026-05-27 HTTP/1.1" 200 21
[27/May/2026 00:03:07] "GET /api/admin/salary-records/?month=5&year=2026 HTTP/1.1" 200 21
[27/May/2026 00:03:12] "GET /api/admin/dashboard/ HTTP/1.1" 200 3189
[27/May/2026 00:03:12] "GET /api/admin/employees/ HTTP/1.1" 200 54392
[27/May/2026 00:03:13] "GET /api/admin/attendance/ HTTP/1.1" 200 4349
[27/May/2026 00:03:13] "GET /api/dashboard/ HTTP/1.1" 200 35337
[27/May/2026 00:03:13] "GET /api/employee/leaves/ HTTP/1.1" 200 102
[27/May/2026 00:03:13] "GET /api/employee/tasks/ HTTP/1.1" 200 82
[27/May/2026 00:03:13] "GET /api/employee/helpdesk/ HTTP/1.1" 200 76
[27/May/2026 00:03:13] "GET /api/employee/directory/ HTTP/1.1" 200 19637
[27/May/2026 00:03:13] "GET /api/admin/tasks/?status=assigned&year=2026&month=5 HTTP/1.1" 200 67
[27/May/2026 00:03:16] "GET /api/admin/dashboard/ HTTP/1.1" 200 3189
[27/May/2026 00:03:16] "GET /api/admin/employees/ HTTP/1.1" 200 54392
[27/May/2026 00:03:16] "GET /api/admin/attendance/ HTTP/1.1" 200 4349
[27/May/2026 00:03:17] "GET /api/dashboard/ HTTP/1.1" 200 35337
[27/May/2026 00:03:17] "GET /api/employee/leaves/ HTTP/1.1" 200 102
[27/May/2026 00:03:17] "GET /api/employee/tasks/ HTTP/1.1" 200 82
[27/May/2026 00:03:17] "GET /api/employee/helpdesk/ HTTP/1.1" 200 76
[27/May/2026 00:03:17] "GET /api/employee/directory/ HTTP/1.1" 200 19637
[27/May/2026 00:03:17] "GET /api/admin/tasks/?status=assigned&year=2026&month=5 HTTP/1.1" 200 67
[27/May/2026 00:03:23] "GET /api/admin/dashboard/ HTTP/1.1" 200 3189
[27/May/2026 00:03:23] "GET /api/admin/employees/ HTTP/1.1" 200 54392
[27/May/2026 00:03:23] "GET /api/admin/attendance/ HTTP/1.1" 200 4349
[27/May/2026 00:03:23] "GET /api/dashboard/ HTTP/1.1" 200 35337
[27/May/2026 00:03:23] "GET /api/employee/leaves/ HTTP/1.1" 200 102
[27/May/2026 00:03:23] "GET /api/employee/tasks/ HTTP/1.1" 200 82
[27/May/2026 00:03:23] "GET /api/employee/helpdesk/ HTTP/1.1" 200 76
[27/May/2026 00:03:23] "GET /api/employee/directory/ HTTP/1.1" 200 19637
[27/May/2026 00:03:23] "GET /api/admin/tasks/?status=assigned&year=2026&month=5 HTTP/1.1" 200 67
[27/May/2026 00:03:31] "GET /api/admin/dashboard/ HTTP/1.1" 200 3189
[27/May/2026 00:03:31] "GET /api/admin/employees/ HTTP/1.1" 200 54392
[27/May/2026 00:03:32] "GET /api/admin/attendance/ HTTP/1.1" 200 4349
[27/May/2026 00:03:32] "GET /api/dashboard/ HTTP/1.1" 200 35337
[27/May/2026 00:03:32] "GET /api/employee/leaves/ HTTP/1.1" 200 102
[27/May/2026 00:03:32] "GET /api/employee/tasks/ HTTP/1.1" 200 82
[27/May/2026 00:03:32] "GET /api/employee/helpdesk/ HTTP/1.1" 200 76
[27/May/2026 00:03:32] "GET /api/employee/directory/ HTTP/1.1" 200 19637
[27/May/2026 00:03:32] "GET /api/admin/tasks/?status=assigned&year=2026&month=5 HTTP/1.1" 200 67
[27/May/2026 00:03:34] "GET /api/admin/dashboard/ HTTP/1.1" 200 3189
[27/May/2026 00:03:34] "GET /api/admin/employees/ HTTP/1.1" 200 54392
[27/May/2026 00:03:34] "GET /api/admin/attendance/ HTTP/1.1" 200 4349
[27/May/2026 00:03:35] "GET /api/dashboard/ HTTP/1.1" 200 35337
[27/May/2026 00:03:35] "GET /api/employee/leaves/ HTTP/1.1" 200 102
[27/May/2026 00:03:35] "GET /api/employee/tasks/ HTTP/1.1" 200 82
[27/May/2026 00:03:35] "GET /api/employee/helpdesk/ HTTP/1.1" 200 76
[27/May/2026 00:03:35] "GET /api/employee/directory/ HTTP/1.1" 200 19637
[27/May/2026 00:03:35] "GET /api/admin/tasks/?status=assigned&year=2026&month=5 HTTP/1.1" 200 67
[27/May/2026 00:03:41] "GET /api/admin/dashboard/ HTTP/1.1" 200 3189
[27/May/2026 00:03:42] "GET /api/admin/employees/ HTTP/1.1" 200 54392
[27/May/2026 00:03:42] "GET /api/admin/attendance/ HTTP/1.1" 200 4349
[27/May/2026 00:03:42] "GET /api/dashboard/ HTTP/1.1" 200 35337
[27/May/2026 00:03:42] "GET /api/employee/leaves/ HTTP/1.1" 200 102
[27/May/2026 00:03:42] "GET /api/employee/tasks/ HTTP/1.1" 200 82
[27/May/2026 00:03:42] "GET /api/employee/helpdesk/ HTTP/1.1" 200 76
[27/May/2026 00:03:42] "GET /api/employee/directory/ HTTP/1.1" 200 19637
[27/May/2026 00:03:42] "GET /api/admin/tasks/?status=assigned&year=2026&month=5 HTTP/1.1" 200 67
[27/May/2026 00:03:51] "GET /api/admin/dashboard/ HTTP/1.1" 200 3189
[27/May/2026 00:03:51] "GET /api/admin/employees/ HTTP/1.1" 200 54392
[27/May/2026 00:03:51] "GET /api/admin/attendance/ HTTP/1.1" 200 4349
[27/May/2026 00:03:51] "GET /api/dashboard/ HTTP/1.1" 200 35337
[27/May/2026 00:03:51] "GET /api/employee/leaves/ HTTP/1.1" 200 102
[27/May/2026 00:03:51] "GET /api/employee/tasks/ HTTP/1.1" 200 82
[27/May/2026 00:03:51] "GET /api/employee/helpdesk/ HTTP/1.1" 200 76
[27/May/2026 00:03:51] "GET /api/employee/directory/ HTTP/1.1" 200 19637
[27/May/2026 00:03:51] "GET /api/admin/tasks/?status=assigned&year=2026&month=5 HTTP/1.1" 200 67
[27/May/2026 00:03:53] "GET /api/admin/dashboard/ HTTP/1.1" 200 3189
[27/May/2026 00:03:53] "GET /api/admin/employees/ HTTP/1.1" 200 54392
[27/May/2026 00:03:53] "GET /api/admin/attendance/ HTTP/1.1" 200 4349
[27/May/2026 00:03:53] "GET /api/dashboard/ HTTP/1.1" 200 35337
[27/May/2026 00:03:53] "GET /api/employee/leaves/ HTTP/1.1" 200 102
[27/May/2026 00:03:53] "GET /api/employee/tasks/ HTTP/1.1" 200 82
[27/May/2026 00:03:53] "GET /api/employee/helpdesk/ HTTP/1.1" 200 76
[27/May/2026 00:03:53] "GET /api/employee/directory/ HTTP/1.1" 200 19637
[27/May/2026 00:03:53] "GET /api/admin/tasks/?status=assigned&year=2026&month=5 HTTP/1.1" 200 67
[27/May/2026 00:04:02] "GET /api/admin/dashboard/ HTTP/1.1" 200 3189
[27/May/2026 00:04:02] "GET /api/admin/employees/ HTTP/1.1" 200 54392
[27/May/2026 00:04:02] "GET /api/admin/attendance/ HTTP/1.1" 200 4349
[27/May/2026 00:04:03] "GET /api/dashboard/ HTTP/1.1" 200 35337
[27/May/2026 00:04:03] "GET /api/employee/leaves/ HTTP/1.1" 200 102
[27/May/2026 00:04:03] "GET /api/employee/tasks/ HTTP/1.1" 200 82
[27/May/2026 00:04:03] "GET /api/employee/helpdesk/ HTTP/1.1" 200 76
[27/May/2026 00:04:03] "GET /api/employee/directory/ HTTP/1.1" 200 19637
[27/May/2026 00:04:03] "GET /api/admin/tasks/?status=assigned&year=2026&month=5 HTTP/1.1" 200 67
[27/May/2026 00:06:51] "GET /api/admin/dashboard/ HTTP/1.1" 200 3189
[27/May/2026 00:06:52] "GET /api/admin/employees/ HTTP/1.1" 200 54392
[27/May/2026 00:06:52] "GET /api/admin/attendance/ HTTP/1.1" 200 4349
[27/May/2026 00:06:52] "GET /api/dashboard/ HTTP/1.1" 200 35337
[27/May/2026 00:06:52] "GET /api/employee/leaves/ HTTP/1.1" 200 102
[27/May/2026 00:06:52] "GET /api/employee/tasks/ HTTP/1.1" 200 82
[27/May/2026 00:06:52] "GET /api/employee/helpdesk/ HTTP/1.1" 200 76
[27/May/2026 00:06:52] "GET /api/employee/directory/ HTTP/1.1" 200 19637
[27/May/2026 00:06:52] "GET /api/admin/tasks/?status=assigned&year=2026&month=5 HTTP/1.1" 200 67
[27/May/2026 00:07:18] "GET /api/attendance-report/?month=2026-05 HTTP/1.1" 200 90
[27/May/2026 00:07:18] "GET /api/admin/dashboard/ HTTP/1.1" 200 3189
[27/May/2026 00:07:18] "GET /api/admin/employees/ HTTP/1.1" 200 54392
[27/May/2026 00:07:18] "GET /api/admin/attendance/ HTTP/1.1" 200 4349
[27/May/2026 00:07:18] "GET /api/dashboard/ HTTP/1.1" 200 35337
[27/May/2026 00:07:18] "GET /api/employee/leaves/ HTTP/1.1" 200 102
[27/May/2026 00:07:18] "GET /api/employee/tasks/ HTTP/1.1" 200 82
[27/May/2026 00:07:18] "GET /api/employee/helpdesk/ HTTP/1.1" 200 76
[27/May/2026 00:07:18] "GET /api/employee/directory/ HTTP/1.1" 200 19637
[27/May/2026 00:07:18] "GET /api/admin/tasks/?status=assigned&year=2026&month=5 HTTP/1.1" 200 67
[27/May/2026 00:22:05] "POST /api/auth/ HTTP/1.1" 200 34718
[27/May/2026 00:22:05] "OPTIONS /api/admin/dashboard/ HTTP/1.1" 200 0
[27/May/2026 00:22:05] "GET /api/admin/dashboard/ HTTP/1.1" 200 3189
[27/May/2026 00:22:06] "OPTIONS /api/admin/employees/ HTTP/1.1" 200 0
[27/May/2026 00:22:06] "GET /api/admin/employees/ HTTP/1.1" 200 54392
[27/May/2026 00:22:06] "OPTIONS /api/admin/attendance/ HTTP/1.1" 200 0
[27/May/2026 00:22:06] "GET /api/admin/attendance/ HTTP/1.1" 200 4349
[27/May/2026 00:22:06] "OPTIONS /api/dashboard/ HTTP/1.1" 200 0
[27/May/2026 00:22:06] "GET /api/dashboard/ HTTP/1.1" 200 35337
[27/May/2026 00:22:06] "OPTIONS /api/employee/leaves/ HTTP/1.1" 200 0
[27/May/2026 00:22:06] "GET /api/employee/leaves/ HTTP/1.1" 200 102
[27/May/2026 00:22:06] "OPTIONS /api/employee/tasks/ HTTP/1.1" 200 0
[27/May/2026 00:22:06] "GET /api/employee/tasks/ HTTP/1.1" 200 82
[27/May/2026 00:22:06] "OPTIONS /api/employee/helpdesk/ HTTP/1.1" 200 0
[27/May/2026 00:22:06] "GET /api/employee/helpdesk/ HTTP/1.1" 200 76
[27/May/2026 00:22:06] "OPTIONS /api/employee/directory/ HTTP/1.1" 200 0
[27/May/2026 00:22:06] "GET /api/employee/directory/ HTTP/1.1" 200 19637
[27/May/2026 00:22:07] "OPTIONS /api/admin/tasks/?status=assigned&year=2026&month=5 HTTP/1.1" 200 0
[27/May/2026 00:22:07] "GET /api/admin/tasks/?status=assigned&year=2026&month=5 HTTP/1.1" 200 67
[27/May/2026 00:22:09] "GET /api/admin/dashboard/ HTTP/1.1" 200 3189
[27/May/2026 00:22:09] "GET /api/admin/employees/ HTTP/1.1" 200 54392
[27/May/2026 00:22:09] "GET /api/admin/attendance/ HTTP/1.1" 200 4349
[27/May/2026 00:22:09] "GET /api/dashboard/ HTTP/1.1" 200 35337
[27/May/2026 00:22:09] "GET /api/employee/leaves/ HTTP/1.1" 200 102
[27/May/2026 00:22:09] "GET /api/employee/tasks/ HTTP/1.1" 200 82
[27/May/2026 00:22:10] "GET /api/employee/helpdesk/ HTTP/1.1" 200 76
[27/May/2026 00:22:10] "GET /api/employee/directory/ HTTP/1.1" 200 19637
[27/May/2026 00:22:10] "GET /api/admin/tasks/?status=assigned&year=2026&month=5 HTTP/1.1" 200 67
[27/May/2026 00:22:13] "OPTIONS /api/attendance-report/?month=2026-05 HTTP/1.1" 200 0
[27/May/2026 00:22:13] "GET /api/attendance-report/?month=2026-05 HTTP/1.1" 200 90
[27/May/2026 00:22:13] "GET /api/admin/dashboard/ HTTP/1.1" 200 3189
[27/May/2026 00:22:13] "GET /api/admin/employees/ HTTP/1.1" 200 54392
[27/May/2026 00:22:14] "GET /api/admin/attendance/ HTTP/1.1" 200 4349
[27/May/2026 00:22:14] "GET /api/dashboard/ HTTP/1.1" 200 35337
[27/May/2026 00:22:14] "GET /api/employee/leaves/ HTTP/1.1" 200 102
[27/May/2026 00:22:14] "GET /api/employee/tasks/ HTTP/1.1" 200 82
[27/May/2026 00:22:14] "GET /api/employee/helpdesk/ HTTP/1.1" 200 76
[27/May/2026 00:22:14] "GET /api/employee/directory/ HTTP/1.1" 200 19637
[27/May/2026 00:22:14] "GET /api/admin/tasks/?status=assigned&year=2026&month=5 HTTP/1.1" 200 67
[27/May/2026 00:22:16] "GET /api/admin/dashboard/ HTTP/1.1" 200 3189
[27/May/2026 00:22:16] "GET /api/admin/employees/ HTTP/1.1" 200 54392
[27/May/2026 00:22:16] "GET /api/admin/attendance/ HTTP/1.1" 200 4349
[27/May/2026 00:22:16] "GET /api/dashboard/ HTTP/1.1" 200 35337
[27/May/2026 00:22:16] "GET /api/employee/leaves/ HTTP/1.1" 200 102
[27/May/2026 00:22:16] "GET /api/employee/tasks/ HTTP/1.1" 200 82
[27/May/2026 00:22:16] "GET /api/employee/helpdesk/ HTTP/1.1" 200 76
[27/May/2026 00:22:16] "GET /api/employee/directory/ HTTP/1.1" 200 19637
[27/May/2026 00:22:16] "GET /api/admin/tasks/?status=assigned&year=2026&month=5 HTTP/1.1" 200 67
[27/May/2026 00:22:19] "GET /api/admin/dashboard/ HTTP/1.1" 200 3189
[27/May/2026 00:22:19] "GET /api/admin/employees/ HTTP/1.1" 200 54392
[27/May/2026 00:22:19] "GET /api/admin/attendance/ HTTP/1.1" 200 4349
[27/May/2026 00:22:19] "GET /api/dashboard/ HTTP/1.1" 200 35337
[27/May/2026 00:22:19] "GET /api/employee/leaves/ HTTP/1.1" 200 102
[27/May/2026 00:22:19] "GET /api/employee/tasks/ HTTP/1.1" 200 82
[27/May/2026 00:22:19] "GET /api/employee/helpdesk/ HTTP/1.1" 200 76
[27/May/2026 00:22:19] "GET /api/employee/directory/ HTTP/1.1" 200 19637
[27/May/2026 00:22:19] "GET /api/admin/tasks/?status=assigned&year=2026&month=5 HTTP/1.1" 200 67
[27/May/2026 00:22:21] "GET /api/admin/dashboard/ HTTP/1.1" 200 3189
[27/May/2026 00:22:21] "GET /api/admin/employees/ HTTP/1.1" 200 54392
[27/May/2026 00:22:22] "GET /api/admin/attendance/ HTTP/1.1" 200 4349
[27/May/2026 00:22:22] "GET /api/dashboard/ HTTP/1.1" 200 35337
[27/May/2026 00:22:22] "GET /api/employee/leaves/ HTTP/1.1" 200 102
[27/May/2026 00:22:22] "GET /api/employee/tasks/ HTTP/1.1" 200 82
[27/May/2026 00:22:22] "GET /api/employee/helpdesk/ HTTP/1.1" 200 76
[27/May/2026 00:22:22] "GET /api/employee/directory/ HTTP/1.1" 200 19637
[27/May/2026 00:22:22] "GET /api/admin/tasks/?status=assigned&year=2026&month=5 HTTP/1.1" 200 67
[27/May/2026 00:22:27] "OPTIONS /api/admin/salary-records/?month=5&year=2026 HTTP/1.1" 200 0
[27/May/2026 00:22:27] "OPTIONS /api/admin/reimbursements/?date=2026-05-27 HTTP/1.1" 200 0
[27/May/2026 00:22:27] "GET /api/admin/reimbursements/?date=2026-05-27 HTTP/1.1" 200 21
[27/May/2026 00:22:27] "GET /api/admin/salary-records/?month=5&year=2026 HTTP/1.1" 200 21
[27/May/2026 00:22:30] "GET /api/admin/dashboard/ HTTP/1.1" 200 3189
[27/May/2026 00:22:30] "GET /api/admin/employees/ HTTP/1.1" 200 54392
[27/May/2026 00:22:31] "GET /api/admin/attendance/ HTTP/1.1" 200 4349
[27/May/2026 00:22:31] "GET /api/dashboard/ HTTP/1.1" 200 35337
[27/May/2026 00:22:31] "GET /api/employee/leaves/ HTTP/1.1" 200 102
[27/May/2026 00:22:31] "GET /api/employee/tasks/ HTTP/1.1" 200 82
[27/May/2026 00:22:31] "GET /api/employee/helpdesk/ HTTP/1.1" 200 76
[27/May/2026 00:22:31] "GET /api/employee/directory/ HTTP/1.1" 200 19637
[27/May/2026 00:22:31] "GET /api/admin/tasks/?status=assigned&year=2026&month=5 HTTP/1.1" 200 67
[27/May/2026 00:22:34] "GET /api/employee/helpdesk/ HTTP/1.1" 200 76
[27/May/2026 00:22:48] "POST /api/employee/helpdesk/ HTTP/1.1" 201 171
[27/May/2026 00:22:48] "GET /api/admin/dashboard/ HTTP/1.1" 200 3363
[27/May/2026 00:22:49] "GET /api/admin/employees/ HTTP/1.1" 200 54392
[27/May/2026 00:22:49] "GET /api/admin/attendance/ HTTP/1.1" 200 4349
[27/May/2026 00:22:49] "GET /api/dashboard/ HTTP/1.1" 200 35508
[27/May/2026 00:22:49] "GET /api/employee/leaves/ HTTP/1.1" 200 102
[27/May/2026 00:22:49] "GET /api/employee/tasks/ HTTP/1.1" 200 82
[27/May/2026 00:22:49] "GET /api/employee/helpdesk/ HTTP/1.1" 200 418
[27/May/2026 00:22:49] "GET /api/employee/directory/ HTTP/1.1" 200 19637
[27/May/2026 00:22:49] "GET /api/admin/tasks/?status=assigned&year=2026&month=5 HTTP/1.1" 200 67
[27/May/2026 00:22:55] "GET /api/employee/helpdesk/ HTTP/1.1" 200 418
Forbidden: /api/auth/
[27/May/2026 00:23:45] "POST /api/auth/ HTTP/1.1" 403 44
[27/May/2026 00:23:49] "POST /api/auth/ HTTP/1.1" 200 583
[27/May/2026 00:23:49] "GET /api/admin/dashboard/ HTTP/1.1" 200 3363
[27/May/2026 00:23:49] "GET /api/admin/employees/ HTTP/1.1" 200 54392
[27/May/2026 00:23:49] "GET /api/admin/attendance/ HTTP/1.1" 200 4349
[27/May/2026 00:23:49] "GET /api/admin/tasks/?status=assigned&year=2026&month=5 HTTP/1.1" 200 67
[27/May/2026 00:23:52] "GET /api/admin/dashboard/ HTTP/1.1" 200 3363
[27/May/2026 00:23:52] "GET /api/admin/employees/ HTTP/1.1" 200 54392
[27/May/2026 00:23:52] "GET /api/admin/attendance/ HTTP/1.1" 200 4349
[27/May/2026 00:23:52] "GET /api/admin/tasks/?status=assigned&year=2026&month=5 HTTP/1.1" 200 67
[27/May/2026 00:23:56] "GET /api/admin/dashboard/ HTTP/1.1" 200 3363
[27/May/2026 00:23:56] "GET /api/admin/employees/ HTTP/1.1" 200 54392
[27/May/2026 00:23:56] "GET /api/admin/attendance/ HTTP/1.1" 200 4349
[27/May/2026 00:23:56] "GET /api/admin/tasks/?status=assigned&year=2026&month=5 HTTP/1.1" 200 67
[27/May/2026 00:23:59] "GET /api/admin/dashboard/ HTTP/1.1" 200 3363
[27/May/2026 00:23:59] "GET /api/admin/employees/ HTTP/1.1" 200 54392
[27/May/2026 00:23:59] "GET /api/admin/attendance/ HTTP/1.1" 200 4349
[27/May/2026 00:23:59] "GET /api/admin/tasks/?status=assigned&year=2026&month=5 HTTP/1.1" 200 67
[27/May/2026 00:24:08] "OPTIONS /api/admin/helpdesk/9/status/ HTTP/1.1" 200 0
[27/May/2026 00:24:08] "POST /api/admin/helpdesk/9/status/ HTTP/1.1" 200 48
[27/May/2026 00:24:08] "GET /api/admin/dashboard/ HTTP/1.1" 200 3371
[27/May/2026 00:24:08] "GET /api/admin/employees/ HTTP/1.1" 200 54392
[27/May/2026 00:24:08] "GET /api/admin/attendance/ HTTP/1.1" 200 4349
[27/May/2026 00:24:08] "GET /api/admin/tasks/?status=assigned&year=2026&month=5 HTTP/1.1" 200 67
[27/May/2026 00:24:16] "OPTIONS /api/admin/helpdesk/8/status/ HTTP/1.1" 200 0
[27/May/2026 00:24:16] "POST /api/admin/helpdesk/8/status/ HTTP/1.1" 200 48
[27/May/2026 00:24:16] "GET /api/admin/dashboard/ HTTP/1.1" 200 3365
[27/May/2026 00:24:16] "GET /api/admin/employees/ HTTP/1.1" 200 54392
[27/May/2026 00:24:16] "GET /api/admin/attendance/ HTTP/1.1" 200 4349
[27/May/2026 00:24:16] "GET /api/admin/tasks/?status=assigned&year=2026&month=5 HTTP/1.1" 200 67
[27/May/2026 00:24:23] "GET /api/employee/helpdesk/ HTTP/1.1" 200 474
[27/May/2026 00:24:54] "POST /api/auth/ HTTP/1.1" 200 34718
[27/May/2026 00:24:54] "GET /api/admin/dashboard/ HTTP/1.1" 200 3365
[27/May/2026 00:24:55] "GET /api/admin/employees/ HTTP/1.1" 200 54392
[27/May/2026 00:24:55] "GET /api/admin/attendance/ HTTP/1.1" 200 4349
[27/May/2026 00:24:55] "GET /api/dashboard/ HTTP/1.1" 200 35546
[27/May/2026 00:24:55] "GET /api/employee/leaves/ HTTP/1.1" 200 102
[27/May/2026 00:24:55] "GET /api/employee/tasks/ HTTP/1.1" 200 82
[27/May/2026 00:24:55] "GET /api/employee/helpdesk/ HTTP/1.1" 200 494
[27/May/2026 00:24:55] "GET /api/employee/directory/ HTTP/1.1" 200 19637
[27/May/2026 00:24:55] "GET /api/admin/tasks/?status=assigned&year=2026&month=5 HTTP/1.1" 200 67
[27/May/2026 00:25:00] "GET /api/employee/helpdesk/ HTTP/1.1" 200 494
