Watching for file changes with StatReloader
[27/May/2026 13:15:01] "GET /admin/ HTTP/1.1" 302 0
JAZZMIN_UI_TWEAKS['dark_mode_theme'] is deprecated and ignored. Use default_theme_mode='auto' (or 'light'/'dark') instead. All themes now support light/dark via data-bs-theme.
[27/May/2026 13:15:01] "GET /admin/login/?next=/admin/ HTTP/1.1" 200 3369
[27/May/2026 13:15:01,579] - Broken pipe from ('127.0.0.1', 63249)
[27/May/2026 13:17:28] "GET /admin/ HTTP/1.1" 302 0
JAZZMIN_UI_TWEAKS['dark_mode_theme'] is deprecated and ignored. Use default_theme_mode='auto' (or 'light'/'dark') instead. All themes now support light/dark via data-bs-theme.
[27/May/2026 13:17:28] "GET /admin/login/?next=/admin/ HTTP/1.1" 200 3369
[27/May/2026 13:17:28,638] - Broken pipe from ('127.0.0.1', 56546)
D:\projects\healOn project\backend\healon_backend\settings.py changed, reloading.
Watching for file changes with StatReloader
D:\projects\healOn project\backend\healon_backend\settings.py changed, reloading.
Watching for file changes with StatReloader
[27/May/2026 13:33:11] "GET /admin/ HTTP/1.1" 302 0
[27/May/2026 13:33:11] "GET /admin/login/?next=/admin/ HTTP/1.1" 200 3362
[27/May/2026 13:33:25] "POST /admin/login/?next=/admin/ HTTP/1.1" 302 0
[27/May/2026 13:33:25] "GET /admin/ HTTP/1.1" 200 17448
[27/May/2026 13:33:37] "GET /admin/people/salaryrecord/ HTTP/1.1" 200 20653
[27/May/2026 13:33:37] "GET /static/jazzmin/js/change_list.js HTTP/1.1" 304 0
[27/May/2026 13:33:37] "GET /admin/jsi18n/ HTTP/1.1" 200 3342
[27/May/2026 13:47:21] "GET /admin/people/salaryrecord/add/ HTTP/1.1" 200 23203
[27/May/2026 13:47:21] "GET /static/vendor/fontawesome-free/css/all.min.css HTTP/1.1" 304 0
[27/May/2026 13:47:21] "GET /static/vendor/adminlte/css/adminlte.min.css HTTP/1.1" 304 0
[27/May/2026 13:47:21] "GET /static/vendor/bootswatch/flatly/bootstrap.min.css HTTP/1.1" 304 0
[27/May/2026 13:47:21] "GET /static/jazzmin/css/main.css HTTP/1.1" 304 0
[27/May/2026 13:47:21] "GET /static/vendor/select2/css/select2.min.css HTTP/1.1" 304 0
[27/May/2026 13:47:21] "GET /static/people/healon_admin.css HTTP/1.1" 304 0
[27/May/2026 13:47:21] "GET /static/people/healon-logo.svg HTTP/1.1" 304 0
[27/May/2026 13:47:21] "GET /admin/jsi18n/ HTTP/1.1" 200 3342
[27/May/2026 13:47:21] "GET /static/vendor/bootstrap/js/bootstrap.bundle.min.js HTTP/1.1" 304 0
[27/May/2026 13:47:21] "GET /static/jazzmin/js/main.js HTTP/1.1" 304 0
[27/May/2026 13:47:21] "GET /static/vendor/adminlte/js/adminlte.min.js HTTP/1.1" 304 0
[27/May/2026 13:47:21] "GET /static/jazzmin/plugins/bootstrap-show-modal/bootstrap-show-modal.min.js HTTP/1.1" 304 0
[27/May/2026 13:47:21] "GET /static/vendor/select2/js/select2.min.js HTTP/1.1" 304 0
[27/May/2026 13:47:21] "GET /static/jazzmin/js/change_form.js HTTP/1.1" 304 0
[27/May/2026 13:47:21] "GET /static/people/healon_admin.js HTTP/1.1" 304 0
[27/May/2026 13:47:21] "GET /static/jazzmin/js/related-modal.js HTTP/1.1" 304 0
[27/May/2026 13:47:29] "GET /admin/people/reimbursementrequest/ HTTP/1.1" 200 19672
[27/May/2026 13:47:29] "GET /static/jazzmin/js/change_list.js HTTP/1.1" 304 0
[27/May/2026 13:47:29] "GET /admin/jsi18n/ HTTP/1.1" 200 3342
[27/May/2026 13:47:30] "GET /admin/people/userprofile/ HTTP/1.1" 200 113362
[27/May/2026 13:47:30] "GET /admin/jsi18n/ HTTP/1.1" 200 3342
[27/May/2026 13:47:33] "GET /admin/people/userprofile/add/ HTTP/1.1" 200 24989
[27/May/2026 13:47:33] "GET /admin/jsi18n/ HTTP/1.1" 200 3342
[27/May/2026 13:47:33] "GET /static/vendor/fontawesome-free/webfonts/fa-brands-400.woff2 HTTP/1.1" 304 0
[27/May/2026 13:47:52] "GET /admin/auth/user/add/?_to_field=id&_popup=1&_modal=701103 HTTP/1.1" 200 22113
[27/May/2026 13:47:59] "GET /admin/ HTTP/1.1" 200 17448
[27/May/2026 13:48:09] "GET /admin/people/attendance/ HTTP/1.1" 200 261731
[27/May/2026 13:48:09] "GET /admin/jsi18n/ HTTP/1.1" 200 3342
[27/May/2026 13:48:11] "GET /admin/people/attendanceregularization/ HTTP/1.1" 200 22586
[27/May/2026 13:48:12] "GET /admin/jsi18n/ HTTP/1.1" 200 3342
[27/May/2026 13:48:19] "GET /admin/people/assignedlocation/ HTTP/1.1" 200 24171
[27/May/2026 13:48:19] "GET /admin/jsi18n/ HTTP/1.1" 200 3342
[27/May/2026 13:48:21] "GET /admin/people/assignedlocation/add/ HTTP/1.1" 200 24309
[27/May/2026 13:48:21] "GET /admin/jsi18n/ HTTP/1.1" 200 3342
[27/May/2026 13:48:39] "GET /admin/people/userprofile/ HTTP/1.1" 200 113362
[27/May/2026 13:48:39] "GET /admin/jsi18n/ HTTP/1.1" 200 3342
[27/May/2026 13:48:40] "GET /admin/auth/user/ HTTP/1.1" 200 25353
[27/May/2026 13:48:40] "GET /admin/jsi18n/ HTTP/1.1" 200 3342
[27/May/2026 13:48:42] "GET /admin/auth/user/add/ HTTP/1.1" 200 29196
[27/May/2026 13:48:42] "GET /admin/jsi18n/ HTTP/1.1" 200 3342
[27/May/2026 13:52:02] "POST /admin/auth/user/add/ HTTP/1.1" 302 0
[27/May/2026 13:52:02] "GET /admin/auth/user/16/change/ HTTP/1.1" 200 28015
[27/May/2026 13:52:02] "GET /static/vendor/fontawesome-free/css/all.min.css HTTP/1.1" 304 0
[27/May/2026 13:52:02] "GET /static/vendor/bootswatch/flatly/bootstrap.min.css HTTP/1.1" 304 0
[27/May/2026 13:52:02] "GET /static/vendor/select2/css/select2.min.css HTTP/1.1" 304 0
[27/May/2026 13:52:02] "GET /static/people/healon_admin.css HTTP/1.1" 304 0
[27/May/2026 13:52:02] "GET /static/vendor/adminlte/css/adminlte.min.css HTTP/1.1" 304 0
[27/May/2026 13:52:02] "GET /static/jazzmin/css/main.css HTTP/1.1" 304 0
[27/May/2026 13:52:02] "GET /static/vendor/bootstrap/js/bootstrap.bundle.min.js HTTP/1.1" 304 0
[27/May/2026 13:52:02] "GET /static/people/healon-logo.svg HTTP/1.1" 304 0
[27/May/2026 13:52:02] "GET /admin/jsi18n/ HTTP/1.1" 200 3342
[27/May/2026 13:52:02] "GET /static/jazzmin/js/main.js HTTP/1.1" 304 0
[27/May/2026 13:52:02] "GET /static/vendor/adminlte/js/adminlte.min.js HTTP/1.1" 304 0
[27/May/2026 13:52:02] "GET /static/jazzmin/js/change_form.js HTTP/1.1" 304 0
[27/May/2026 13:52:02] "GET /static/jazzmin/plugins/bootstrap-show-modal/bootstrap-show-modal.min.js HTTP/1.1" 304 0
[27/May/2026 13:52:02] "GET /static/people/healon_admin.js HTTP/1.1" 304 0
[27/May/2026 13:52:02] "GET /static/vendor/select2/js/select2.min.js HTTP/1.1" 304 0
[27/May/2026 13:52:02] "GET /static/jazzmin/js/related-modal.js HTTP/1.1" 304 0
[27/May/2026 13:52:05] "GET /admin/people/userprofile/ HTTP/1.1" 200 114378
[27/May/2026 13:52:05] "GET /admin/jsi18n/ HTTP/1.1" 200 3342
[27/May/2026 13:52:05] "GET /static/jazzmin/js/change_list.js HTTP/1.1" 304 0
[27/May/2026 13:52:08] "GET /admin/people/assignedlocation/ HTTP/1.1" 200 24171
[27/May/2026 13:52:08] "GET /admin/jsi18n/ HTTP/1.1" 200 3342
[27/May/2026 13:52:12] "GET /admin/people/assignedlocation/add/ HTTP/1.1" 200 24352
[27/May/2026 13:52:12] "GET /admin/jsi18n/ HTTP/1.1" 200 3342
[27/May/2026 13:54:23] "POST /admin/people/assignedlocation/add/ HTTP/1.1" 302 0
[27/May/2026 13:54:23] "GET /admin/people/assignedlocation/ HTTP/1.1" 200 25746
[27/May/2026 13:54:23] "GET /admin/jsi18n/ HTTP/1.1" 200 3342
[27/May/2026 13:55:47] "POST /api/auth/ HTTP/1.1" 200 804
[27/May/2026 13:55:47] "OPTIONS /api/dashboard/ HTTP/1.1" 200 0
[27/May/2026 13:55:47] "GET /api/dashboard/ HTTP/1.1" 200 1497
[27/May/2026 13:55:48] "OPTIONS /api/employee/leaves/ HTTP/1.1" 200 0
[27/May/2026 13:55:48] "GET /api/employee/leaves/ HTTP/1.1" 200 102
[27/May/2026 13:55:48] "OPTIONS /api/employee/tasks/ HTTP/1.1" 200 0
[27/May/2026 13:55:48] "GET /api/employee/tasks/ HTTP/1.1" 200 82
[27/May/2026 13:55:48] "OPTIONS /api/employee/helpdesk/ HTTP/1.1" 200 0
[27/May/2026 13:55:48] "GET /api/employee/helpdesk/ HTTP/1.1" 200 76
[27/May/2026 13:55:48] "OPTIONS /api/employee/directory/ HTTP/1.1" 200 0
[27/May/2026 13:55:48] "GET /api/employee/directory/ HTTP/1.1" 200 53777
[27/May/2026 13:55:48] "OPTIONS /api/attendance-report/?month=2026-05 HTTP/1.1" 200 0
[27/May/2026 13:55:48] "GET /api/attendance-report/?month=2026-05 HTTP/1.1" 200 90
[27/May/2026 13:56:51] "OPTIONS /api/checkin/ HTTP/1.1" 200 0
Bad Request: /api/checkin/
[27/May/2026 13:56:51] "POST /api/checkin/ HTTP/1.1" 400 127
[27/May/2026 13:57:06] "GET /admin/people/assignedlocation/4/change/ HTTP/1.1" 200 25455
[27/May/2026 13:57:06] "GET /static/vendor/fontawesome-free/css/all.min.css HTTP/1.1" 304 0
[27/May/2026 13:57:06] "GET /static/vendor/bootswatch/flatly/bootstrap.min.css HTTP/1.1" 304 0
[27/May/2026 13:57:06] "GET /static/vendor/adminlte/css/adminlte.min.css HTTP/1.1" 304 0
[27/May/2026 13:57:06] "GET /static/people/healon_admin.css HTTP/1.1" 304 0
[27/May/2026 13:57:06] "GET /static/vendor/select2/css/select2.min.css HTTP/1.1" 304 0
[27/May/2026 13:57:06] "GET /static/jazzmin/css/main.css HTTP/1.1" 304 0
[27/May/2026 13:57:06] "GET /static/vendor/bootstrap/js/bootstrap.bundle.min.js HTTP/1.1" 304 0
[27/May/2026 13:57:06] "GET /static/people/healon-logo.svg HTTP/1.1" 304 0
[27/May/2026 13:57:06] "GET /admin/jsi18n/ HTTP/1.1" 200 3342
[27/May/2026 13:57:06] "GET /static/jazzmin/js/main.js HTTP/1.1" 304 0
[27/May/2026 13:57:06] "GET /static/vendor/adminlte/js/adminlte.min.js HTTP/1.1" 304 0
[27/May/2026 13:57:06] "GET /static/jazzmin/js/change_form.js HTTP/1.1" 304 0
[27/May/2026 13:57:06] "GET /static/jazzmin/js/related-modal.js HTTP/1.1" 304 0
[27/May/2026 13:57:06] "GET /static/vendor/select2/js/select2.min.js HTTP/1.1" 304 0
[27/May/2026 13:57:06] "GET /static/jazzmin/plugins/bootstrap-show-modal/bootstrap-show-modal.min.js HTTP/1.1" 304 0
[27/May/2026 13:57:06] "GET /static/people/healon_admin.js HTTP/1.1" 304 0
[27/May/2026 13:57:16] "GET /admin/people/assignedlocation/ HTTP/1.1" 200 25178
[27/May/2026 13:57:18] "GET /admin/people/assignedlocation/5/change/ HTTP/1.1" 200 25264
[27/May/2026 13:57:18] "GET /admin/jsi18n/ HTTP/1.1" 200 3342
[27/May/2026 13:57:56] "POST /admin/people/assignedlocation/5/change/ HTTP/1.1" 302 0
[27/May/2026 13:57:56] "GET /admin/people/assignedlocation/ HTTP/1.1" 200 25788
[27/May/2026 13:57:56] "GET /static/jazzmin/js/change_list.js HTTP/1.1" 304 0
[27/May/2026 13:57:56] "GET /admin/jsi18n/ HTTP/1.1" 200 3342
Bad Request: /api/checkin/
[27/May/2026 13:58:15] "POST /api/checkin/ HTTP/1.1" 400 102
Bad Request: /api/checkin/
[27/May/2026 13:58:35] "POST /api/checkin/ HTTP/1.1" 400 102
Bad Request: /api/checkin/
[27/May/2026 13:58:55] "POST /api/checkin/ HTTP/1.1" 400 102
[27/May/2026 13:59:11] "GET /admin/people/assignedlocation/5/change/ HTTP/1.1" 200 25449
[27/May/2026 13:59:12] "GET /admin/jsi18n/ HTTP/1.1" 200 3342
[27/May/2026 13:59:18] "GET /admin/people/userprofile/ HTTP/1.1" 200 114378
[27/May/2026 13:59:18] "GET /admin/jsi18n/ HTTP/1.1" 200 3342
[27/May/2026 13:59:19] "GET /admin/people/userprofile/11/change/ HTTP/1.1" 200 25699
[27/May/2026 13:59:19] "GET /admin/jsi18n/ HTTP/1.1" 200 3342
[27/May/2026 13:59:27] "GET /admin/auth/user/ HTTP/1.1" 200 26212
[27/May/2026 13:59:27] "GET /admin/jsi18n/ HTTP/1.1" 200 3342
[27/May/2026 13:59:29] "GET /admin/auth/user/16/change/ HTTP/1.1" 200 27466
[27/May/2026 13:59:29] "GET /admin/jsi18n/ HTTP/1.1" 200 3342
Bad Request: /api/auth/
[27/May/2026 13:59:57] "POST /api/auth/ HTTP/1.1" 400 68
[27/May/2026 14:00:07] "POST /api/auth/ HTTP/1.1" 200 950
[27/May/2026 14:00:07] "GET /api/dashboard/ HTTP/1.1" 200 2935
[27/May/2026 14:00:07] "GET /api/employee/leaves/ HTTP/1.1" 200 102
[27/May/2026 14:00:07] "GET /api/employee/tasks/ HTTP/1.1" 200 620
[27/May/2026 14:00:07] "GET /api/employee/helpdesk/ HTTP/1.1" 200 482
[27/May/2026 14:00:07] "GET /api/employee/directory/ HTTP/1.1" 200 53664
[27/May/2026 14:00:08] "GET /api/attendance-report/?month=2026-05 HTTP/1.1" 200 504
Bad Request: /api/checkin/
[27/May/2026 14:00:16] "POST /api/checkin/ HTTP/1.1" 400 102
[27/May/2026 14:00:26] "GET /admin/auth/user/ HTTP/1.1" 200 26212
[27/May/2026 14:00:26] "GET /admin/jsi18n/ HTTP/1.1" 200 3342
[27/May/2026 14:00:29] "GET /admin/auth/user/9/change/ HTTP/1.1" 200 27504
[27/May/2026 14:00:29] "GET /admin/jsi18n/ HTTP/1.1" 200 3342
[27/May/2026 14:00:43] "POST /admin/auth/user/9/change/ HTTP/1.1" 302 0
[27/May/2026 14:00:43] "GET /admin/auth/user/ HTTP/1.1" 200 26728
[27/May/2026 14:00:43] "GET /admin/jsi18n/ HTTP/1.1" 200 3342
[27/May/2026 14:00:58] "POST /api/auth/ HTTP/1.1" 200 48463
[27/May/2026 14:00:58] "GET /api/dashboard/ HTTP/1.1" 200 50448
[27/May/2026 14:00:58] "GET /api/employee/leaves/ HTTP/1.1" 200 102
[27/May/2026 14:00:58] "GET /api/employee/tasks/ HTTP/1.1" 200 620
[27/May/2026 14:00:58] "GET /api/employee/helpdesk/ HTTP/1.1" 200 482
[27/May/2026 14:00:58] "GET /api/employee/directory/ HTTP/1.1" 200 53664
[27/May/2026 14:00:58] "GET /api/attendance-report/?month=2026-05 HTTP/1.1" 200 504
[27/May/2026 14:01:04] "POST /api/checkin/ HTTP/1.1" 201 42700
[27/May/2026 14:01:04] "GET /api/dashboard/ HTTP/1.1" 200 50450
[27/May/2026 14:01:04] "GET /api/employee/leaves/ HTTP/1.1" 200 102
[27/May/2026 14:01:04] "GET /api/employee/tasks/ HTTP/1.1" 200 620
[27/May/2026 14:01:04] "GET /api/employee/helpdesk/ HTTP/1.1" 200 482
[27/May/2026 14:01:04] "GET /api/employee/directory/ HTTP/1.1" 200 53664
[27/May/2026 14:01:04] "GET /api/attendance-report/?month=2026-05 HTTP/1.1" 200 599
[27/May/2026 14:01:23] "OPTIONS /api/checkout/ HTTP/1.1" 200 0
[27/May/2026 14:01:24] "POST /api/checkout/ HTTP/1.1" 201 30636
[27/May/2026 14:01:24] "GET /api/dashboard/ HTTP/1.1" 200 50452
[27/May/2026 14:01:24] "GET /api/employee/leaves/ HTTP/1.1" 200 102
[27/May/2026 14:01:24] "GET /api/employee/tasks/ HTTP/1.1" 200 620
[27/May/2026 14:01:24] "GET /api/employee/helpdesk/ HTTP/1.1" 200 482
[27/May/2026 14:01:24] "GET /api/employee/directory/ HTTP/1.1" 200 53664
[27/May/2026 14:01:24] "GET /api/attendance-report/?month=2026-05 HTTP/1.1" 200 610
[27/May/2026 14:02:02] "GET /admin/people/attendance/ HTTP/1.1" 200 334635
[27/May/2026 14:02:02] "GET /static/vendor/fontawesome-free/css/all.min.css HTTP/1.1" 304 0
[27/May/2026 14:02:02] "GET /static/vendor/adminlte/css/adminlte.min.css HTTP/1.1" 304 0
[27/May/2026 14:02:02] "GET /static/vendor/bootswatch/flatly/bootstrap.min.css HTTP/1.1" 304 0
[27/May/2026 14:02:02] "GET /static/jazzmin/css/main.css HTTP/1.1" 304 0
[27/May/2026 14:02:02] "GET /static/people/healon_admin.css HTTP/1.1" 304 0
[27/May/2026 14:02:02] "GET /static/vendor/bootstrap/js/bootstrap.bundle.min.js HTTP/1.1" 304 0
[27/May/2026 14:02:02] "GET /static/people/healon-logo.svg HTTP/1.1" 304 0
[27/May/2026 14:02:02] "GET /static/vendor/select2/css/select2.min.css HTTP/1.1" 304 0
[27/May/2026 14:02:02] "GET /admin/jsi18n/ HTTP/1.1" 200 3342
[27/May/2026 14:02:02] "GET /static/jazzmin/js/main.js HTTP/1.1" 304 0
[27/May/2026 14:02:02] "GET /static/vendor/adminlte/js/adminlte.min.js HTTP/1.1" 304 0
[27/May/2026 14:02:02] "GET /static/vendor/select2/js/select2.min.js HTTP/1.1" 304 0
[27/May/2026 14:02:02] "GET /static/people/healon_admin.js HTTP/1.1" 304 0
[27/May/2026 14:02:24] "GET /admin/people/employeetask/ HTTP/1.1" 200 20791
[27/May/2026 14:02:24] "GET /admin/jsi18n/ HTTP/1.1" 200 3342
[27/May/2026 14:02:35] "GET /admin/ HTTP/1.1" 200 17448
[27/May/2026 14:02:45] "GET /admin/ HTTP/1.1" 200 17448
[27/May/2026 14:02:46] "GET /admin/ HTTP/1.1" 200 17448
[27/May/2026 14:02:51] "GET /admin/people/helpdeskticket/ HTTP/1.1" 200 20496
[27/May/2026 14:02:51] "GET /static/jazzmin/js/change_list.js HTTP/1.1" 304 0
[27/May/2026 14:02:51] "GET /admin/jsi18n/ HTTP/1.1" 200 3342
[27/May/2026 14:03:00] "GET /admin/ HTTP/1.1" 200 17448
[27/May/2026 14:03:01] "GET /admin/auth/user/ HTTP/1.1" 200 26212
[27/May/2026 14:03:01] "GET /admin/jsi18n/ HTTP/1.1" 200 3342
[27/May/2026 14:03:03] "GET /admin/ HTTP/1.1" 200 17448
[27/May/2026 14:03:05] "GET /admin/people/attendance/ HTTP/1.1" 200 334635
[27/May/2026 14:03:05] "GET /admin/jsi18n/ HTTP/1.1" 200 3342
[27/May/2026 14:03:22] "GET /admin/people/attendance/?assigned_location__id__exact=1&q= HTTP/1.1" 200 213165
[27/May/2026 14:03:22] "GET /admin/jsi18n/ HTTP/1.1" 200 3342
[27/May/2026 14:03:28] "GET /admin/auth/user/ HTTP/1.1" 200 26212
[27/May/2026 14:03:28] "GET /admin/jsi18n/ HTTP/1.1" 200 3342
[27/May/2026 14:03:31] "GET /admin/ HTTP/1.1" 200 17448
[27/May/2026 14:06:39] "POST /api/auth/ HTTP/1.1" 200 48463
[27/May/2026 14:06:40] "GET /api/dashboard/ HTTP/1.1" 200 50452
[27/May/2026 14:06:40] "GET /api/employee/leaves/ HTTP/1.1" 200 102
[27/May/2026 14:06:40] "GET /api/employee/tasks/ HTTP/1.1" 200 620
[27/May/2026 14:06:40] "GET /api/employee/helpdesk/ HTTP/1.1" 200 482
[27/May/2026 14:06:40] "GET /api/employee/directory/ HTTP/1.1" 200 53664
[27/May/2026 14:06:40] "GET /api/attendance-report/?month=2026-05 HTTP/1.1" 200 610
[27/May/2026 14:08:55] "GET /api/attendance-report/?month=2026-05 HTTP/1.1" 200 610
[27/May/2026 14:08:55] "GET /api/dashboard/ HTTP/1.1" 200 50452
[27/May/2026 14:08:55] "GET /api/employee/leaves/ HTTP/1.1" 200 102
[27/May/2026 14:08:56] "GET /api/employee/tasks/ HTTP/1.1" 200 620
[27/May/2026 14:08:56] "GET /api/employee/helpdesk/ HTTP/1.1" 200 482
[27/May/2026 14:08:56] "GET /api/employee/directory/ HTTP/1.1" 200 53664
[27/May/2026 14:08:56] "GET /api/attendance-report/?month=2026-05 HTTP/1.1" 200 610
[27/May/2026 14:08:58] "GET /api/attendance-report/?month=2026-05 HTTP/1.1" 200 610
[27/May/2026 14:08:59] "GET /api/dashboard/ HTTP/1.1" 200 50452
[27/May/2026 14:08:59] "GET /api/employee/leaves/ HTTP/1.1" 200 102
[27/May/2026 14:08:59] "GET /api/employee/tasks/ HTTP/1.1" 200 620
[27/May/2026 14:08:59] "GET /api/employee/helpdesk/ HTTP/1.1" 200 482
[27/May/2026 14:08:59] "GET /api/employee/directory/ HTTP/1.1" 200 53664
[27/May/2026 14:08:59] "GET /api/attendance-report/?month=2026-05 HTTP/1.1" 200 610
D:\projects\healOn project\backend\people\admin.py changed, reloading.
Watching for file changes with StatReloader
