Performing system checks...

System check identified no issues (0 silenced).
May 27, 2026 - 13:14:25
Django version 6.0.5, using settings 'healon_backend.settings'
Starting development server at http://127.0.0.1:8000/
Quit the server with CTRL-BREAK.

WARNING: This is a development server. Do not use it in a production setting. Use a production WSGI or ASGI server instead.
For more information on production servers see: https://docs.djangoproject.com/en/6.0/howto/deployment/
Performing system checks...

System check identified no issues (0 silenced).
May 27, 2026 - 13:17:47
Django version 6.0.5, using settings 'healon_backend.settings'
Starting development server at http://127.0.0.1:8000/
Quit the server with CTRL-BREAK.

WARNING: This is a development server. Do not use it in a production setting. Use a production WSGI or ASGI server instead.
For more information on production servers see: https://docs.djangoproject.com/en/6.0/howto/deployment/
Performing system checks...

System check identified no issues (0 silenced).
May 27, 2026 - 13:31:38
Django version 6.0.5, using settings 'healon_backend.settings'
Starting development server at http://127.0.0.1:8000/
Quit the server with CTRL-BREAK.

WARNING: This is a development server. Do not use it in a production setting. Use a production WSGI or ASGI server instead.
For more information on production servers see: https://docs.djangoproject.com/en/6.0/howto/deployment/
